#
# A fatal error has been detected by the Java Runtime Environment:
#
#  SIGSEGV (0xb) at pc=0x00007ff33bb35ab0, pid=4205, tid=140682221197056
#
# JRE version: Java(TM) SE Runtime Environment (8.0_91-b14) (build 1.8.0_91-b14)
# Java VM: Java HotSpot(TM) 64-Bit Server VM (25.91-b14 mixed mode linux-amd64 compressed oops)
# Problematic frame:
# V  [libjvm.so+0x8a7ab0]  Method::checked_resolve_jmethod_id(_jmethodID*)+0x20
#
# Failed to write core dump. Core dumps have been disabled. To enable core dumping, try "ulimit -c unlimited" before starting Java again
#
# If you would like to submit a bug report, please visit:
#   http://bugreport.java.com/bugreport/crash.jsp
#

---------------  T H R E A D  ---------------

Current thread (0x00007ff3340c7000):  JavaThread "JDWP Transport Listener: dt_socket" daemon [_thread_in_vm, id=4220, stack(0x00007ff321c21000,0x00007ff321d22000)]

siginfo: si_signo: 11 (SIGSEGV), si_code: 128 (SI_KERNEL), si_addr: 0x0000000000000000

Registers:
RAX=0x0000000000000001, RBX=0x00007ff334007210, RCX=0x00007ff33cc6c2c0, RDX=0x00007ff33c2452a0
RSP=0x00007ff321d208d0, RBP=0x00007ff321d208e0, RSI=0x00007ff3340c7000, RDI=0x7265536e656b6f54
R8 =0x00007ff30a62e210, R9 =0x00007ff33c3c8d00, R10=0x2f65676e656c6c61, R11=0x00007ff33c405d30
R12=0x0000000000000017, R13=0x7265536e656b6f54, R14=0x00007ff3340c7000, R15=0x00007ff321d209e7
RIP=0x00007ff33bb35ab0, EFLAGS=0x0000000000010202, CSGSFS=0x0000000000000033, ERR=0x0000000000000000
  TRAPNO=0x000000000000000d

Top of Stack: (sp=0x00007ff321d208d0)
0x00007ff321d208d0:   0000000000000074 00007ff334007210
0x00007ff321d208e0:   00007ff321d20950 00007ff33b9c63de
0x00007ff321d208f0:   00007ff321d20910 00007ff321d20900
0x00007ff321d20900:   00007ff3340c7000 0000000000000000
0x00007ff321d20910:   00007ff300000000 0000000000000000
0x00007ff321d20920:   00007ff321d20940 00007ff33a941e40
0x00007ff321d20930:   7265536e656b6f54 00007ff321d209e7
0x00007ff321d20940:   0000000000000004 00007ff321d209e7
0x00007ff321d20950:   00007ff321d20980 00007ff33a72d8c2
0x00007ff321d20960:   00007ff321d20980 7265536e656b6f54
0x00007ff321d20970:   00007ff321d20a50 0000000000000020
0x00007ff321d20980:   00007ff321d20a10 00007ff33a70eaa0
0x00007ff321d20990:   00007ff321d209c8 00007ff321d209c0
0x00007ff321d209a0:   00007ff321d209b8 00007ff321d209dc
0x00007ff321d209b0:   0000000108a872c0 0000000000000000
0x00007ff321d209c0:   0000000000000000 0000000000000000
0x00007ff321d209d0:   00007ff30a4e7a80 0000000121d20a50
0x00007ff321d209e0:   0000000000000006 0000000000000002
0x00007ff321d209f0:   000000000000000f 0000000000000002
0x00007ff321d20a00:   00000000000f0200 000000000000000f
0x00007ff321d20a10:   00007ff321d20c60 00007ff33a7199c6
0x00007ff321d20a20:   00000f9900000013 00007ff33b0f0200
0x00007ff321d20a30:   00007ff300174620 0000000000000000
0x00007ff321d20a40:   00007ff321d20a50 00007ff321d20be0
0x00007ff321d20a50:   00007ff309a2b82d 00007ff30000018b
0x00007ff321d20a60:   00007ff30a2f9b80 000000000000012c
0x00007ff321d20a70:   00007ff321d20aa0 00007ff30a2f9b80
0x00007ff321d20a80:   00007f0000000000 00000f990000001c
0x00007ff321d20a90:   00007ff300000b80 00007ff321d20aa0
0x00007ff321d20aa0:   f37f000006000000 0f000000b091061c
0x00007ff321d20ab0:   656b6f5464616f6c 007265735579426e
0x00007ff321d20ac0:   6d6f634c28490000 6e656c6c6168632f 

Instructions: (pc=0x00007ff33bb35ab0)
0x00007ff33bb35a90:   55 48 89 e5 53 48 83 ec 08 48 85 ff 75 12 31 db
0x00007ff33bb35aa0:   48 89 d8 48 83 c4 08 5b c9 c3 66 0f 1f 44 00 00
0x00007ff33bb35ab0:   48 8b 1f 48 85 db 74 e6 48 83 fb 37 74 e0 48 8b
0x00007ff33bb35ac0:   03 48 89 df ff 50 10 84 c0 0f 1f 80 00 00 00 00 

Register to memory mapping:

RAX=0x0000000000000001 is an unknown value
RBX=0x00007ff334007210 is an unknown value
RCX=0x00007ff33cc6c2c0: <offset 0x2182c0> in /lib/x86_64-linux-gnu/libpthread.so.0 at 0x00007ff33ca54000
RDX=0x00007ff33c2452a0: <offset 0xfb72a0> in /usr/lib/jvm/java-8-oracle/jre/lib/amd64/server/libjvm.so at 0x00007ff33b28e000
RSP=0x00007ff321d208d0 is pointing into the stack for thread: 0x00007ff3340c7000
RBP=0x00007ff321d208e0 is pointing into the stack for thread: 0x00007ff3340c7000
RSI=0x00007ff3340c7000 is a thread
RDI=0x7265536e656b6f54 is an unknown value
R8 =0x00007ff30a62e210 is an unknown value
R9 =0x00007ff33c3c8d00: <offset 0x157d00> in /lib/x86_64-linux-gnu/libc.so.6 at 0x00007ff33c271000
R10=0x2f65676e656c6c61 is an unknown value
R11=0x00007ff33c405d30: <offset 0x194d30> in /lib/x86_64-linux-gnu/libc.so.6 at 0x00007ff33c271000
R12=0x0000000000000017 is an unknown value
R13=0x7265536e656b6f54 is an unknown value
R14=0x00007ff3340c7000 is a thread
R15=0x00007ff321d209e7 is pointing into the stack for thread: 0x00007ff3340c7000


Stack: [0x00007ff321c21000,0x00007ff321d22000],  sp=0x00007ff321d208d0,  free space=1022k
Native frames: (J=compiled Java code, j=interpreted, Vv=VM code, C=native code)
V  [libjvm.so+0x8a7ab0]  Method::checked_resolve_jmethod_id(_jmethodID*)+0x20
V  [libjvm.so+0x7383de]  jvmti_IsMethodSynthetic+0x2be
C  [libjdwp.so+0x258c2]  isMethodSynthetic+0x42
C  [libjdwp.so+0x6aa0]  methods1+0x1b0
C  [libjdwp.so+0x119c6]  debugLoop_run+0x2b6
C  [libjdwp.so+0x247ff]  attachThread+0x2f
V  [libjvm.so+0x7a48c2]  JvmtiAgentThread::call_start_function()+0xc2
V  [libjvm.so+0xa6b77f]  JavaThread::thread_main_inner()+0xdf
V  [libjvm.so+0xa6b8ac]  JavaThread::run()+0x11c
V  [libjvm.so+0x91ef78]  java_start(Thread*)+0x108
C  [libpthread.so.0+0x76fa]  start_thread+0xca


---------------  P R O C E S S  ---------------

Java Threads: ( => current thread )
  0x00007ff31c037800 JavaThread "http-nio-8080-exec-4" daemon [_thread_blocked, id=4794, stack(0x00007ff2e8ade000,0x00007ff2e8bdf000)]
  0x00007ff314030800 JavaThread "http-nio-8080-exec-3" daemon [_thread_blocked, id=4786, stack(0x00007ff2e90e4000,0x00007ff2e91e5000)]
  0x00007ff31402f800 JavaThread "http-nio-8080-exec-2" daemon [_thread_blocked, id=4785, stack(0x00007ff2e8fe3000,0x00007ff2e90e4000)]
  0x00007ff31c03a000 JavaThread "http-nio-8080-exec-1" daemon [_thread_blocked, id=4762, stack(0x00007ff2e91e5000,0x00007ff2e92e6000)]
  0x00007ff334011000 JavaThread "DestroyJavaVM" [_thread_blocked, id=4210, stack(0x00007ff33cd74000,0x00007ff33ce75000)]
  0x00007ff3353c3800 JavaThread "http-nio-8080-AsyncTimeout" daemon [_thread_blocked, id=4399, stack(0x00007ff2e92e6000,0x00007ff2e93e7000)]
  0x00007ff3353c2000 JavaThread "http-nio-8080-Acceptor-0" daemon [_thread_in_native, id=4398, stack(0x00007ff2e93e7000,0x00007ff2e94e8000)]
  0x00007ff3353c1000 JavaThread "http-nio-8080-ClientPoller-1" daemon [_thread_in_native, id=4397, stack(0x00007ff2e94e8000,0x00007ff2e95e9000)]
  0x00007ff335305000 JavaThread "http-nio-8080-ClientPoller-0" daemon [_thread_in_native, id=4396, stack(0x00007ff2eacec000,0x00007ff2eaded000)]
  0x00007ff335322000 JavaThread "NioBlockingSelector.BlockPoller-1" daemon [_thread_in_native, id=4395, stack(0x00007ff3200a9000,0x00007ff3201aa000)]
  0x00007ff33493f000 JavaThread "container-0" [_thread_blocked, id=4385, stack(0x00007ff2e99e9000,0x00007ff2e9aea000)]
  0x00007ff33493e800 JavaThread "ContainerBackgroundProcessor[StandardEngine[Tomcat]]" daemon [_thread_blocked, id=4384, stack(0x00007ff2e9aea000,0x00007ff2e9beb000)]
  0x00007ff3080b4000 JavaThread "Tomcat JDBC Pool Cleaner[414493378:1483793111553]" daemon [_thread_blocked, id=4246, stack(0x00007ff2ea9eb000,0x00007ff2eaaec000)]
  0x00007ff2f836c800 JavaThread "JMX server connection timeout 18" daemon [_thread_blocked, id=4238, stack(0x00007ff3201aa000,0x00007ff3202ab000)]
  0x00007ff2f0036800 JavaThread "RMI TCP Connection(68)-127.0.0.1" daemon [_thread_in_native, id=4237, stack(0x00007ff3202ab000,0x00007ff3203ac000)]
  0x00007ff2f0035000 JavaThread "RMI Scheduler(0)" daemon [_thread_blocked, id=4235, stack(0x00007ff3203ac000,0x00007ff3204ad000)]
  0x00007ff3344c7000 JavaThread "RMI TCP Accept-0" daemon [_thread_in_native, id=4232, stack(0x00007ff3208af000,0x00007ff3209b0000)]
  0x00007ff334490000 JavaThread "RMI TCP Accept-38584" daemon [_thread_in_native, id=4231, stack(0x00007ff3209d6000,0x00007ff320ad7000)]
  0x00007ff334477800 JavaThread "RMI TCP Accept-0" daemon [_thread_in_native, id=4230, stack(0x00007ff320ad7000,0x00007ff320bd8000)]
  0x00007ff3340d2800 JavaThread "Service Thread" daemon [_thread_blocked, id=4229, stack(0x00007ff32171c000,0x00007ff32181d000)]
  0x00007ff3340cf800 JavaThread "C1 CompilerThread1" daemon [_thread_blocked, id=4228, stack(0x00007ff32181d000,0x00007ff32191e000)]
  0x00007ff3340cc800 JavaThread "C2 CompilerThread0" daemon [_thread_blocked, id=4227, stack(0x00007ff32191e000,0x00007ff321a1f000)]
  0x00007ff308001000 JavaThread "JDWP Command Reader" daemon [_thread_in_native, id=4224, stack(0x00007ff321a1f000,0x00007ff321b20000)]
  0x00007ff3340ca800 JavaThread "JDWP Event Helper Thread" daemon [_thread_blocked, id=4223, stack(0x00007ff321b20000,0x00007ff321c21000)]
=>0x00007ff3340c7000 JavaThread "JDWP Transport Listener: dt_socket" daemon [_thread_in_vm, id=4220, stack(0x00007ff321c21000,0x00007ff321d22000)]
  0x00007ff3340b8800 JavaThread "Signal Dispatcher" daemon [_thread_blocked, id=4218, stack(0x00007ff321f26000,0x00007ff322027000)]
  0x00007ff334086800 JavaThread "Finalizer" daemon [_thread_blocked, id=4216, stack(0x00007ff322027000,0x00007ff322128000)]
  0x00007ff334082000 JavaThread "Reference Handler" daemon [_thread_blocked, id=4215, stack(0x00007ff322128000,0x00007ff322229000)]

Other Threads:
  0x00007ff33407a800 VMThread [stack: 0x00007ff322229000,0x00007ff32232a000] [id=4214]
  0x00007ff3344ca000 WatcherThread [stack: 0x00007ff3207ae000,0x00007ff3208af000] [id=4233]

VM state:not at safepoint (normal execution)

VM Mutex/Monitor currently owned by a thread: None

Heap:
 PSYoungGen      total 284672K, used 15484K [0x00000000eb780000, 0x00000000fe600000, 0x0000000100000000)
  eden space 276992K, 5% used [0x00000000eb780000,0x00000000ec69f170,0x00000000fc600000)
  from space 7680K, 0% used [0x00000000fde80000,0x00000000fde80000,0x00000000fe600000)
  to   space 15872K, 0% used [0x00000000fc700000,0x00000000fc700000,0x00000000fd680000)
 ParOldGen       total 73216K, used 31092K [0x00000000c2600000, 0x00000000c6d80000, 0x00000000eb780000)
  object space 73216K, 42% used [0x00000000c2600000,0x00000000c445d1b0,0x00000000c6d80000)
 Metaspace       used 58476K, capacity 59204K, committed 59608K, reserved 1101824K
  class space    used 7492K, capacity 7656K, committed 7680K, reserved 1048576K

Card table byte_map: [0x00007ff338b3d000,0x00007ff338d2b000] byte_map_base: 0x00007ff33852a000

Marking Bits: (ParMarkBitMap*) 0x00007ff33c244d60
 Begin Bits: [0x00007ff323130000, 0x00007ff324098000)
 End Bits:   [0x00007ff324098000, 0x00007ff325000000)

Polling page: 0x00007ff33ce93000

CodeCache: size=245760Kb used=15581Kb max_used=15673Kb free=230178Kb
 bounds [0x00007ff325000000, 0x00007ff325f80000, 0x00007ff334000000]
 total_blobs=5369 nmethods=4839 adapters=452
 compilation: enabled

Compilation events (10 events):
Event: 2885,454 Thread 0x00007ff3340cf800 5783   !   3       org.apache.catalina.core.StandardContext::getLoader (38 bytes)
Event: 2885,456 Thread 0x00007ff3340cf800 nmethod 5783 0x00007ff325bc7290 code [0x00007ff325bc74a0, 0x00007ff325bc7e98]
Event: 3002,517 Thread 0x00007ff3340cf800 5784       3       sun.rmi.transport.StreamRemoteCall::getInputStream (43 bytes)
Event: 3002,519 Thread 0x00007ff3340cf800 nmethod 5784 0x00007ff325b03cd0 code [0x00007ff325b03ee0, 0x00007ff325b04628]
Event: 3002,519 Thread 0x00007ff3340cf800 5785       3       sun.rmi.transport.tcp.TCPConnection::releaseOutputStream (15 bytes)
Event: 3002,519 Thread 0x00007ff3340cf800 nmethod 5785 0x00007ff325d2c0d0 code [0x00007ff325d2c240, 0x00007ff325d2c4a8]
Event: 3046,375 Thread 0x00007ff3340cc800 5787       4       java.io.BufferedInputStream::read1 (108 bytes)
Event: 3046,376 Thread 0x00007ff3340cf800 5786       3       java.io.ObjectInputStream$BlockDataInputStream::peek (55 bytes)
Event: 3046,382 Thread 0x00007ff3340cf800 nmethod 5786 0x00007ff325d2b8d0 code [0x00007ff325d2ba80, 0x00007ff325d2bed8]
Event: 3046,399 Thread 0x00007ff3340cc800 nmethod 5787 0x00007ff32584a250 code [0x00007ff32584a3e0, 0x00007ff32584ab48]

GC Heap History (10 events):
Event: 21,636 GC heap before
{Heap before GC invocations=13 (full 2):
 PSYoungGen      total 167936K, used 6572K [0x00000000eb780000, 0x00000000fa500000, 0x0000000100000000)
  eden space 155136K, 0% used [0x00000000eb780000,0x00000000eb780000,0x00000000f4f00000)
  from space 12800K, 51% used [0x00000000f4f00000,0x00000000f556b0c8,0x00000000f5b80000)
  to   space 12288K, 0% used [0x00000000f9900000,0x00000000f9900000,0x00000000fa500000)
 ParOldGen       total 33792K, used 19411K [0x00000000c2600000, 0x00000000c4700000, 0x00000000eb780000)
  object space 33792K, 57% used [0x00000000c2600000,0x00000000c38f4f18,0x00000000c4700000)
 Metaspace       used 34873K, capacity 35330K, committed 35456K, reserved 1081344K
  class space    used 4280K, capacity 4395K, committed 4480K, reserved 1048576K
Event: 21,868 GC heap after
Heap after GC invocations=13 (full 2):
 PSYoungGen      total 167936K, used 0K [0x00000000eb780000, 0x00000000fa500000, 0x0000000100000000)
  eden space 155136K, 0% used [0x00000000eb780000,0x00000000eb780000,0x00000000f4f00000)
  from space 12800K, 0% used [0x00000000f4f00000,0x00000000f4f00000,0x00000000f5b80000)
  to   space 12288K, 0% used [0x00000000f9900000,0x00000000f9900000,0x00000000fa500000)
 ParOldGen       total 55808K, used 23011K [0x00000000c2600000, 0x00000000c5c80000, 0x00000000eb780000)
  object space 55808K, 41% used [0x00000000c2600000,0x00000000c3c78cf8,0x00000000c5c80000)
 Metaspace       used 34873K, capacity 35330K, committed 35456K, reserved 1081344K
  class space    used 4280K, capacity 4395K, committed 4480K, reserved 1048576K
}
Event: 30,043 GC heap before
{Heap before GC invocations=14 (full 2):
 PSYoungGen      total 167936K, used 155136K [0x00000000eb780000, 0x00000000fa500000, 0x0000000100000000)
  eden space 155136K, 100% used [0x00000000eb780000,0x00000000f4f00000,0x00000000f4f00000)
  from space 12800K, 0% used [0x00000000f4f00000,0x00000000f4f00000,0x00000000f5b80000)
  to   space 12288K, 0% used [0x00000000f9900000,0x00000000f9900000,0x00000000fa500000)
 ParOldGen       total 55808K, used 23011K [0x00000000c2600000, 0x00000000c5c80000, 0x00000000eb780000)
  object space 55808K, 41% used [0x00000000c2600000,0x00000000c3c78cf8,0x00000000c5c80000)
 Metaspace       used 49006K, capacity 49588K, committed 49920K, reserved 1093632K
  class space    used 6266K, capacity 6398K, committed 6400K, reserved 1048576K
Event: 30,143 GC heap after
Heap after GC invocations=14 (full 2):
 PSYoungGen      total 224256K, used 12272K [0x00000000eb780000, 0x00000000fa680000, 0x0000000100000000)
  eden space 211968K, 0% used [0x00000000eb780000,0x00000000eb780000,0x00000000f8680000)
  from space 12288K, 99% used [0x00000000f9900000,0x00000000fa4fc0f8,0x00000000fa500000)
  to   space 16384K, 0% used [0x00000000f8680000,0x00000000f8680000,0x00000000f9680000)
 ParOldGen       total 55808K, used 29706K [0x00000000c2600000, 0x00000000c5c80000, 0x00000000eb780000)
  object space 55808K, 53% used [0x00000000c2600000,0x00000000c4302930,0x00000000c5c80000)
 Metaspace       used 49006K, capacity 49588K, committed 49920K, reserved 1093632K
  class space    used 6266K, capacity 6398K, committed 6400K, reserved 1048576K
}
Event: 43,270 GC heap before
{Heap before GC invocations=15 (full 2):
 PSYoungGen      total 224256K, used 224240K [0x00000000eb780000, 0x00000000fa680000, 0x0000000100000000)
  eden space 211968K, 100% used [0x00000000eb780000,0x00000000f8680000,0x00000000f8680000)
  from space 12288K, 99% used [0x00000000f9900000,0x00000000fa4fc0f8,0x00000000fa500000)
  to   space 16384K, 0% used [0x00000000f8680000,0x00000000f8680000,0x00000000f9680000)
 ParOldGen       total 55808K, used 29706K [0x00000000c2600000, 0x00000000c5c80000, 0x00000000eb780000)
  object space 55808K, 53% used [0x00000000c2600000,0x00000000c4302930,0x00000000c5c80000)
 Metaspace       used 52815K, capacity 53392K, committed 53760K, reserved 1095680K
  class space    used 6784K, capacity 6889K, committed 6912K, reserved 1048576K
Event: 43,427 GC heap after
Heap after GC invocations=15 (full 2):
 PSYoungGen      total 228352K, used 10124K [0x00000000eb780000, 0x00000000fee80000, 0x0000000100000000)
  eden space 211968K, 0% used [0x00000000eb780000,0x00000000eb780000,0x00000000f8680000)
  from space 16384K, 61% used [0x00000000f8680000,0x00000000f9063330,0x00000000f9680000)
  to   space 16384K, 0% used [0x00000000fde80000,0x00000000fde80000,0x00000000fee80000)
 ParOldGen       total 55808K, used 34832K [0x00000000c2600000, 0x00000000c5c80000, 0x00000000eb780000)
  object space 55808K, 62% used [0x00000000c2600000,0x00000000c4804270,0x00000000c5c80000)
 Metaspace       used 52815K, capacity 53392K, committed 53760K, reserved 1095680K
  class space    used 6784K, capacity 6889K, committed 6912K, reserved 1048576K
}
Event: 434,557 GC heap before
{Heap before GC invocations=16 (full 2):
 PSYoungGen      total 228352K, used 131079K [0x00000000eb780000, 0x00000000fee80000, 0x0000000100000000)
  eden space 211968K, 57% used [0x00000000eb780000,0x00000000f2d9e9b8,0x00000000f8680000)
  from space 16384K, 61% used [0x00000000f8680000,0x00000000f9063330,0x00000000f9680000)
  to   space 16384K, 0% used [0x00000000fde80000,0x00000000fde80000,0x00000000fee80000)
 ParOldGen       total 55808K, used 34832K [0x00000000c2600000, 0x00000000c5c80000, 0x00000000eb780000)
  object space 55808K, 62% used [0x00000000c2600000,0x00000000c4804270,0x00000000c5c80000)
 Metaspace       used 58055K, capacity 58762K, committed 59096K, reserved 1101824K
  class space    used 7445K, capacity 7615K, committed 7680K, reserved 1048576K
Event: 434,684 GC heap after
Heap after GC invocations=16 (full 2):
 PSYoungGen      total 284672K, used 7292K [0x00000000eb780000, 0x00000000fe600000, 0x0000000100000000)
  eden space 276992K, 0% used [0x00000000eb780000,0x00000000eb780000,0x00000000fc600000)
  from space 7680K, 94% used [0x00000000fde80000,0x00000000fe59f238,0x00000000fe600000)
  to   space 15872K, 0% used [0x00000000fc700000,0x00000000fc700000,0x00000000fd680000)
 ParOldGen       total 55808K, used 39564K [0x00000000c2600000, 0x00000000c5c80000, 0x00000000eb780000)
  object space 55808K, 70% used [0x00000000c2600000,0x00000000c4ca32d0,0x00000000c5c80000)
 Metaspace       used 58055K, capacity 58762K, committed 59096K, reserved 1101824K
  class space    used 7445K, capacity 7615K, committed 7680K, reserved 1048576K
}
Event: 434,684 GC heap before
{Heap before GC invocations=17 (full 3):
 PSYoungGen      total 284672K, used 7292K [0x00000000eb780000, 0x00000000fe600000, 0x0000000100000000)
  eden space 276992K, 0% used [0x00000000eb780000,0x00000000eb780000,0x00000000fc600000)
  from space 7680K, 94% used [0x00000000fde80000,0x00000000fe59f238,0x00000000fe600000)
  to   space 15872K, 0% used [0x00000000fc700000,0x00000000fc700000,0x00000000fd680000)
 ParOldGen       total 55808K, used 39564K [0x00000000c2600000, 0x00000000c5c80000, 0x00000000eb780000)
  object space 55808K, 70% used [0x00000000c2600000,0x00000000c4ca32d0,0x00000000c5c80000)
 Metaspace       used 58055K, capacity 58762K, committed 59096K, reserved 1101824K
  class space    used 7445K, capacity 7615K, committed 7680K, reserved 1048576K
Event: 435,391 GC heap after
Heap after GC invocations=17 (full 3):
 PSYoungGen      total 284672K, used 0K [0x00000000eb780000, 0x00000000fe600000, 0x0000000100000000)
  eden space 276992K, 0% used [0x00000000eb780000,0x00000000eb780000,0x00000000fc600000)
  from space 7680K, 0% used [0x00000000fde80000,0x00000000fde80000,0x00000000fe600000)
  to   space 15872K, 0% used [0x00000000fc700000,0x00000000fc700000,0x00000000fd680000)
 ParOldGen       total 73216K, used 31092K [0x00000000c2600000, 0x00000000c6d80000, 0x00000000eb780000)
  object space 73216K, 42% used [0x00000000c2600000,0x00000000c445d1b0,0x00000000c6d80000)
 Metaspace       used 58055K, capacity 58762K, committed 59096K, reserved 1101824K
  class space    used 7445K, capacity 7615K, committed 7680K, reserved 1048576K
}

Deoptimization events (10 events):
Event: 482,873 Thread 0x00007ff31c037800 Uncommon trap: reason=unhandled action=none pc=0x00007ff325b6c80c method=java.net.URLClassLoader.findClass(Ljava/lang/String;)Ljava/lang/Class; @ 44
Event: 519,795 Thread 0x00007ff31c037800 Uncommon trap: reason=unhandled action=none pc=0x00007ff325b6c80c method=java.net.URLClassLoader.findClass(Ljava/lang/String;)Ljava/lang/Class; @ 44
Event: 519,808 Thread 0x00007ff31c037800 Uncommon trap: reason=unhandled action=none pc=0x00007ff325b6c80c method=java.net.URLClassLoader.findClass(Ljava/lang/String;)Ljava/lang/Class; @ 44
Event: 519,809 Thread 0x00007ff31c037800 Uncommon trap: reason=unhandled action=none pc=0x00007ff325b6c80c method=java.net.URLClassLoader.findClass(Ljava/lang/String;)Ljava/lang/Class; @ 44
Event: 519,811 Thread 0x00007ff31c037800 Uncommon trap: reason=unhandled action=none pc=0x00007ff325b6c80c method=java.net.URLClassLoader.findClass(Ljava/lang/String;)Ljava/lang/Class; @ 44
Event: 519,812 Thread 0x00007ff31c037800 Uncommon trap: reason=unhandled action=none pc=0x00007ff325b6c80c method=java.net.URLClassLoader.findClass(Ljava/lang/String;)Ljava/lang/Class; @ 44
Event: 519,814 Thread 0x00007ff31c037800 Uncommon trap: reason=unhandled action=none pc=0x00007ff325b6c80c method=java.net.URLClassLoader.findClass(Ljava/lang/String;)Ljava/lang/Class; @ 44
Event: 519,815 Thread 0x00007ff31c037800 Uncommon trap: reason=unhandled action=none pc=0x00007ff325b6c80c method=java.net.URLClassLoader.findClass(Ljava/lang/String;)Ljava/lang/Class; @ 44
Event: 519,847 Thread 0x00007ff31c037800 Uncommon trap: reason=unhandled action=none pc=0x00007ff325f68d40 method=java.lang.Class.getDeclaredMethod(Ljava/lang/String;[Ljava/lang/Class;)Ljava/lang/reflect/Method; @ 64
Event: 519,851 Thread 0x00007ff31c037800 Uncommon trap: reason=unhandled action=none pc=0x00007ff325f68d40 method=java.lang.Class.getDeclaredMethod(Ljava/lang/String;[Ljava/lang/Class;)Ljava/lang/reflect/Method; @ 64

Internal exceptions (10 events):
Event: 435,597 Thread 0x00007ff31402f800 Exception <a 'java/lang/ArrayIndexOutOfBoundsException': 188> (0x00000000eb9d2608) thrown at [/HUDSON/workspace/8-2-build-linux-amd64/jdk8u91/6644/hotspot/src/share/vm/interpreter/interpreterRuntime.cpp, line 366]
Event: 435,597 Thread 0x00007ff31402f800 Exception <a 'java/lang/ArrayIndexOutOfBoundsException': 142> (0x00000000eb9d4650) thrown at [/HUDSON/workspace/8-2-build-linux-amd64/jdk8u91/6644/hotspot/src/share/vm/interpreter/interpreterRuntime.cpp, line 366]
Event: 482,807 Thread 0x00007ff31c037800 Exception <a 'java/lang/ArrayIndexOutOfBoundsException': 28> (0x00000000ebd877d8) thrown at [/HUDSON/workspace/8-2-build-linux-amd64/jdk8u91/6644/hotspot/src/share/vm/interpreter/interpreterRuntime.cpp, line 366]
Event: 482,835 Thread 0x00007ff31c037800 Exception <a 'java/lang/ArrayIndexOutOfBoundsException': 31> (0x00000000ebdaa948) thrown at [/HUDSON/workspace/8-2-build-linux-amd64/jdk8u91/6644/hotspot/src/share/vm/interpreter/interpreterRuntime.cpp, line 366]
Event: 482,840 Thread 0x00007ff31c037800 Exception <a 'java/lang/ArrayIndexOutOfBoundsException': 28> (0x00000000ebdc0640) thrown at [/HUDSON/workspace/8-2-build-linux-amd64/jdk8u91/6644/hotspot/src/share/vm/interpreter/interpreterRuntime.cpp, line 366]
Event: 482,861 Thread 0x00007ff31c037800 Exception <a 'java/lang/NullPointerException'> (0x00000000ebe0b588) thrown at [/HUDSON/workspace/8-2-build-linux-amd64/jdk8u91/6644/hotspot/src/share/vm/interpreter/linkResolver.cpp, line 1280]
Event: 503,140 Thread 0x00007ff31c037800 Exception <a 'java/lang/ArrayIndexOutOfBoundsException': 74> (0x00000000ebe7c8f0) thrown at [/HUDSON/workspace/8-2-build-linux-amd64/jdk8u91/6644/hotspot/src/share/vm/interpreter/interpreterRuntime.cpp, line 366]
Event: 519,816 Thread 0x00007ff31c037800 Exception <a 'java/lang/ExceptionInInitializerError'> (0x00000000ebeab188) thrown at [/HUDSON/workspace/8-2-build-linux-amd64/jdk8u91/6644/hotspot/src/share/vm/oops/instanceKlass.cpp, line 953]
Event: 519,818 Thread 0x00007ff31c037800 Exception <a 'java/lang/reflect/InvocationTargetException'> (0x00000000ebeab768) thrown at [/HUDSON/workspace/8-2-build-linux-amd64/jdk8u91/6644/hotspot/src/share/vm/runtime/reflection.cpp, line 1092]
Event: 519,856 Thread 0x00007ff31c037800 Exception <a 'java/io/IOException'> (0x00000000ebf420f8) thrown at [/HUDSON/workspace/8-2-build-linux-amd64/jdk8u91/6644/hotspot/src/share/vm/prims/jni.cpp, line 709]

Events (10 events):
Event: 1565,441 Thread 0x00007ff3340cf800 flushing nmethod 0x00007ff325d295d0
Event: 1565,441 Thread 0x00007ff3340cf800 flushing nmethod 0x00007ff325d2b8d0
Event: 1565,441 Thread 0x00007ff3340cf800 flushing nmethod 0x00007ff325d42190
Event: 1565,442 Thread 0x00007ff3340cf800 flushing nmethod 0x00007ff325dd8210
Event: 1565,442 Thread 0x00007ff3340cf800 flushing nmethod 0x00007ff325dd89d0
Event: 1595,440 Thread 0x00007ff3340cf800 flushing nmethod 0x00007ff325efdf10
Event: 2094,585 Executing VM operation: RedefineClasses
Event: 2094,720 Executing VM operation: RedefineClasses done
Event: 3051,735 Executing VM operation: RedefineClasses
Event: 3051,910 Executing VM operation: RedefineClasses done


Dynamic libraries:
00400000-00401000 r-xp 00000000 fc:01 661301                             /usr/lib/jvm/java-8-oracle/bin/java
00600000-00601000 rw-p 00000000 fc:01 661301                             /usr/lib/jvm/java-8-oracle/bin/java
0178b000-01a3a000 rw-p 00000000 00:00 0                                  [heap]
c2600000-c6d80000 rw-p 00000000 00:00 0 
c6d80000-eb780000 ---p 00000000 00:00 0 
eb780000-fe600000 rw-p 00000000 00:00 0 
fe600000-100000000 ---p 00000000 00:00 0 
100000000-100780000 rw-p 00000000 00:00 0 
100780000-140000000 ---p 00000000 00:00 0 
7ff2e4000000-7ff2e4021000 rw-p 00000000 00:00 0 
7ff2e4021000-7ff2e8000000 ---p 00000000 00:00 0 
7ff2e8064000-7ff2e811a000 rw-p 00000000 00:00 0 
7ff2e811a000-7ff2e8264000 ---p 00000000 00:00 0 
7ff2e8264000-7ff2e827a000 r-xp 00000000 fc:01 5640708                    /lib/x86_64-linux-gnu/libgcc_s.so.1
7ff2e827a000-7ff2e8479000 ---p 00016000 fc:01 5640708                    /lib/x86_64-linux-gnu/libgcc_s.so.1
7ff2e8479000-7ff2e847a000 rw-p 00015000 fc:01 5640708                    /lib/x86_64-linux-gnu/libgcc_s.so.1
7ff2e8495000-7ff2e84c7000 r-xp 00000000 fc:01 1051160                    /usr/lib/jvm/java-8-oracle/jre/lib/amd64/libsunec.so
7ff2e84c7000-7ff2e86c6000 ---p 00032000 fc:01 1051160                    /usr/lib/jvm/java-8-oracle/jre/lib/amd64/libsunec.so
7ff2e86c6000-7ff2e86cc000 rw-p 00031000 fc:01 1051160                    /usr/lib/jvm/java-8-oracle/jre/lib/amd64/libsunec.so
7ff2e86cc000-7ff2e88dc000 rw-p 00000000 00:00 0 
7ff2e88dc000-7ff2e88df000 ---p 00000000 00:00 0 
7ff2e88df000-7ff2e89dd000 rw-p 00000000 00:00 0 
7ff2e89dd000-7ff2e89e0000 ---p 00000000 00:00 0 
7ff2e89e0000-7ff2e8ade000 rw-p 00000000 00:00 0 
7ff2e8ade000-7ff2e8ae1000 ---p 00000000 00:00 0 
7ff2e8ae1000-7ff2e8bdf000 rw-p 00000000 00:00 0 
7ff2e8bdf000-7ff2e8be2000 ---p 00000000 00:00 0 
7ff2e8be2000-7ff2e8ce0000 rw-p 00000000 00:00 0 
7ff2e8ce0000-7ff2e8ce3000 ---p 00000000 00:00 0 
7ff2e8ce3000-7ff2e8de1000 rw-p 00000000 00:00 0 
7ff2e8de1000-7ff2e8de4000 ---p 00000000 00:00 0 
7ff2e8de4000-7ff2e8ee2000 rw-p 00000000 00:00 0 
7ff2e8ee2000-7ff2e8ee5000 ---p 00000000 00:00 0 
7ff2e8ee5000-7ff2e8fe3000 rw-p 00000000 00:00 0 
7ff2e8fe3000-7ff2e8fe6000 ---p 00000000 00:00 0 
7ff2e8fe6000-7ff2e90e4000 rw-p 00000000 00:00 0 
7ff2e90e4000-7ff2e90e7000 ---p 00000000 00:00 0 
7ff2e90e7000-7ff2e91e5000 rw-p 00000000 00:00 0 
7ff2e91e5000-7ff2e91e8000 ---p 00000000 00:00 0 
7ff2e91e8000-7ff2e92e6000 rw-p 00000000 00:00 0 
7ff2e92e6000-7ff2e92e9000 ---p 00000000 00:00 0 
7ff2e92e9000-7ff2e93e7000 rw-p 00000000 00:00 0 
7ff2e93e7000-7ff2e93ea000 ---p 00000000 00:00 0 
7ff2e93ea000-7ff2e94e8000 rw-p 00000000 00:00 0 
7ff2e94e8000-7ff2e94eb000 ---p 00000000 00:00 0 
7ff2e94eb000-7ff2e97e9000 rw-p 00000000 00:00 0 
7ff2e97e9000-7ff2e99e9000 rw-p 00000000 00:00 0 
7ff2e99e9000-7ff2e99ec000 ---p 00000000 00:00 0 
7ff2e99ec000-7ff2e9aea000 rw-p 00000000 00:00 0 
7ff2e9aea000-7ff2e9aed000 ---p 00000000 00:00 0 
7ff2e9aed000-7ff2e9deb000 rw-p 00000000 00:00 0 
7ff2e9deb000-7ff2e9feb000 rw-p 00000000 00:00 0 
7ff2e9feb000-7ff2ea1eb000 rw-p 00000000 00:00 0 
7ff2ea1eb000-7ff2ea3eb000 rw-p 00000000 00:00 0 
7ff2ea3eb000-7ff2ea5eb000 rw-p 00000000 00:00 0 
7ff2ea5eb000-7ff2ea7eb000 rw-p 00000000 00:00 0 
7ff2ea7eb000-7ff2ea9eb000 rw-p 00000000 00:00 0 
7ff2ea9eb000-7ff2ea9ee000 ---p 00000000 00:00 0 
7ff2ea9ee000-7ff2eacec000 rw-p 00000000 00:00 0 
7ff2eacec000-7ff2eacef000 ---p 00000000 00:00 0 
7ff2eacef000-7ff2eafed000 rw-p 00000000 00:00 0 
7ff2eafed000-7ff2eb000000 r--s 00344000 fc:01 928652                     /usr/lib/jvm/java-8-oracle/jre/lib/resources.jar
7ff2eb000000-7ff2eb200000 rw-p 00000000 00:00 0 
7ff2eb200000-7ff2eb400000 rw-p 00000000 00:00 0 
7ff2eb400000-7ff2eb600000 rw-p 00000000 00:00 0 
7ff2eb600000-7ff2eb800000 rw-p 00000000 00:00 0 
7ff2eb800000-7ff2eba00000 rw-p 00000000 00:00 0 
7ff2eba00000-7ff2ebc00000 rw-p 00000000 00:00 0 
7ff2ebc00000-7ff2ebe00000 rw-p 00000000 00:00 0 
7ff2ebe00000-7ff2ec000000 rw-p 00000000 00:00 0 
7ff2ec000000-7ff2ec021000 rw-p 00000000 00:00 0 
7ff2ec021000-7ff2f0000000 ---p 00000000 00:00 0 
7ff2f0000000-7ff2f0039000 rw-p 00000000 00:00 0 
7ff2f0039000-7ff2f4000000 ---p 00000000 00:00 0 
7ff2f4000000-7ff2f5a09000 rw-p 00000000 00:00 0 
7ff2f5a09000-7ff2f8000000 ---p 00000000 00:00 0 
7ff2f8000000-7ff2f9037000 rw-p 00000000 00:00 0 
7ff2f9037000-7ff2fc000000 ---p 00000000 00:00 0 
7ff2fc000000-7ff2fc021000 rw-p 00000000 00:00 0 
7ff2fc021000-7ff300000000 ---p 00000000 00:00 0 
7ff300000000-7ff30017f000 rw-p 00000000 00:00 0 
7ff30017f000-7ff304000000 ---p 00000000 00:00 0 
7ff304000000-7ff304021000 rw-p 00000000 00:00 0 
7ff304021000-7ff308000000 ---p 00000000 00:00 0 
7ff308000000-7ff30a64c000 rw-p 00000000 00:00 0 
7ff30a64c000-7ff30c000000 ---p 00000000 00:00 0 
7ff30c000000-7ff30c2f6000 rw-p 00000000 00:00 0 
7ff30c2f6000-7ff310000000 ---p 00000000 00:00 0 
7ff310000000-7ff310021000 rw-p 00000000 00:00 0 
7ff310021000-7ff314000000 ---p 00000000 00:00 0 
7ff314000000-7ff314034000 rw-p 00000000 00:00 0 
7ff314034000-7ff318000000 ---p 00000000 00:00 0 
7ff318000000-7ff318092000 rw-p 00000000 00:00 0 
7ff318092000-7ff31c000000 ---p 00000000 00:00 0 
7ff31c000000-7ff31c07c000 rw-p 00000000 00:00 0 
7ff31c07c000-7ff320000000 ---p 00000000 00:00 0 
7ff320000000-7ff320006000 r--s 0003f000 fc:01 1048989                    /usr/lib/jvm/java-8-oracle/jre/lib/ext/sunjce_provider.jar
7ff320006000-7ff320007000 r--s 00009000 fc:01 1048979                    /usr/lib/jvm/java-8-oracle/jre/lib/ext/sunec.jar
7ff320007000-7ff32000b000 r--s 0003a000 fc:01 1048986                    /usr/lib/jvm/java-8-oracle/jre/lib/ext/sunpkcs11.jar
7ff32000b000-7ff32000e000 r--s 0001a000 fc:01 928659                     /usr/lib/jvm/java-8-oracle/jre/lib/jce.jar
7ff32000e000-7ff3200a3000 r--s 01103000 fc:01 1048982                    /usr/lib/jvm/java-8-oracle/jre/lib/ext/jfxrt.jar
7ff3200a3000-7ff3200a9000 r--s 002f8000 fc:01 928646                     /usr/lib/jvm/java-8-oracle/jre/lib/charsets.jar
7ff3200a9000-7ff3200ac000 ---p 00000000 00:00 0 
7ff3200ac000-7ff3201aa000 rw-p 00000000 00:00 0 
7ff3201aa000-7ff3201ad000 ---p 00000000 00:00 0 
7ff3201ad000-7ff3202ab000 rw-p 00000000 00:00 0 
7ff3202ab000-7ff3202ae000 ---p 00000000 00:00 0 
7ff3202ae000-7ff3203ac000 rw-p 00000000 00:00 0 
7ff3203ac000-7ff3203af000 ---p 00000000 00:00 0 
7ff3203af000-7ff3206ad000 rw-p 00000000 00:00 0 
7ff3206ad000-7ff3206b0000 ---p 00000000 00:00 0 
7ff3206b0000-7ff3207ae000 rw-p 00000000 00:00 0 
7ff3207ae000-7ff3207af000 ---p 00000000 00:00 0 
7ff3207af000-7ff3208af000 rw-p 00000000 00:00 0 
7ff3208af000-7ff3208b2000 ---p 00000000 00:00 0 
7ff3208b2000-7ff3209b0000 rw-p 00000000 00:00 0 
7ff3209b0000-7ff3209ba000 r--s 00116000 fc:01 1048988                    /usr/lib/jvm/java-8-oracle/jre/lib/ext/localedata.jar
7ff3209ba000-7ff3209d6000 r--s 00393000 fc:01 1048981                    /usr/lib/jvm/java-8-oracle/jre/lib/ext/cldrdata.jar
7ff3209d6000-7ff3209d9000 ---p 00000000 00:00 0 
7ff3209d9000-7ff320ad7000 rw-p 00000000 00:00 0 
7ff320ad7000-7ff320ada000 ---p 00000000 00:00 0 
7ff320ada000-7ff320bd8000 rw-p 00000000 00:00 0 
7ff320bd8000-7ff320bdc000 r--s 00097000 fc:01 928653                     /usr/lib/jvm/java-8-oracle/jre/lib/jsse.jar
7ff320bdc000-7ff320bf3000 r--s 000f9000 00:2a 7211175                    /home/rafael/.m2/repository/org/springframework/spring-core/4.3.3.RELEASE/spring-core-4.3.3.RELEASE.jar
7ff320bf3000-7ff320bf7000 r--s 00018000 00:2a 3676150                    /home/rafael/.m2/repository/io/jsonwebtoken/jjwt/0.7.0/jjwt-0.7.0.jar
7ff320bf7000-7ff320c05000 r--s 001a4000 00:2a 5383351                    /home/rafael/.m2/repository/com/h2database/h2/1.4.192/h2-1.4.192.jar
7ff320c05000-7ff320c17000 r--s 000b5000 00:2a 7211167                    /home/rafael/.m2/repository/org/springframework/spring-web/4.3.3.RELEASE/spring-web-4.3.3.RELEASE.jar
7ff320c17000-7ff320c29000 r--s 000ce000 00:2a 7211165                    /home/rafael/.m2/repository/org/springframework/spring-webmvc/4.3.3.RELEASE/spring-webmvc-4.3.3.RELEASE.jar
7ff320c29000-7ff320c2c000 r--s 00009000 00:2a 7209493                    /home/rafael/.m2/repository/org/springframework/mobile/spring-mobile-device/1.1.5.RELEASE/spring-mobile-device-1.1.5.RELEASE.jar
7ff320c2c000-7ff320c31000 r--s 0003c000 00:2a 7211163                    /home/rafael/.m2/repository/org/springframework/spring-expression/4.3.3.RELEASE/spring-expression-4.3.3.RELEASE.jar
7ff320c31000-7ff320c3b000 r--s 0004e000 00:2a 7211161                    /home/rafael/.m2/repository/org/springframework/security/spring-security-web/4.1.3.RELEASE/spring-security-web-4.1.3.RELEASE.jar
7ff320c3b000-7ff320c46000 r--s 00051000 00:2a 7211159                    /home/rafael/.m2/repository/org/springframework/security/spring-security-core/4.1.3.RELEASE/spring-security-core-4.1.3.RELEASE.jar
7ff320c46000-7ff320c50000 r--s 0007c000 00:2a 7211157                    /home/rafael/.m2/repository/org/springframework/security/spring-security-config/4.1.3.RELEASE/spring-security-config-4.1.3.RELEASE.jar
7ff320c50000-7ff320c59000 r--s 00054000 00:2a 7211155                    /home/rafael/.m2/repository/org/springframework/spring-aop/4.3.3.RELEASE/spring-aop-4.3.3.RELEASE.jar
7ff320c59000-7ff320c5a000 r--s 00000000 00:2a 7211153                    /home/rafael/.m2/repository/org/springframework/boot/spring-boot-starter-security/1.4.1.RELEASE/spring-boot-starter-security-1.4.1.RELEASE.jar
7ff320c5a000-7ff320c5c000 r--s 00002000 00:2a 7209815                    /home/rafael/.m2/repository/org/atteo/evo-inflector/1.2.1/evo-inflector-1.2.1.jar
7ff320c5c000-7ff320c5d000 r--s 00004000 00:2a 6951854                    /home/rafael/.m2/repository/org/springframework/plugin/spring-plugin-core/1.2.0.RELEASE/spring-plugin-core-1.2.0.RELEASE.jar
7ff320c5d000-7ff320c62000 r--s 0002a000 00:2a 6824354                    /home/rafael/.m2/repository/org/springframework/hateoas/spring-hateoas/0.20.0.RELEASE/spring-hateoas-0.20.0.RELEASE.jar
7ff320c62000-7ff320c67000 r--s 0001b000 00:2a 6951882                    /home/rafael/.m2/repository/org/springframework/data/spring-data-rest-core/2.5.3.RELEASE/spring-data-rest-core-2.5.3.RELEASE.jar
7ff320c67000-7ff320c6e000 r--s 0003f000 00:2a 6684825                    /home/rafael/.m2/repository/org/springframework/data/spring-data-rest-webmvc/2.5.3.RELEASE/spring-data-rest-webmvc-2.5.3.RELEASE.jar
7ff320c6e000-7ff320c72000 r--s 00041000 00:2a 7211151                    /home/rafael/.m2/repository/com/fasterxml/jackson/core/jackson-core/2.8.3/jackson-core-2.8.3.jar
7ff320c72000-7ff320c84000 r--s 0011c000 00:2a 7079279                    /home/rafael/.m2/repository/com/fasterxml/jackson/core/jackson-databind/2.8.3/jackson-databind-2.8.3.jar
7ff320c84000-7ff320c87000 r--s 0000b000 00:2a 7211149                    /home/rafael/.m2/repository/com/fasterxml/jackson/core/jackson-annotations/2.8.3/jackson-annotations-2.8.3.jar
7ff320c87000-7ff320c89000 r--s 0000e000 00:2a 3676140                    /home/rafael/.m2/repository/com/fasterxml/classmate/1.3.1/classmate-1.3.1.jar
7ff320c89000-7ff320c8d000 r--s 0000c000 00:2a 3544600                    /home/rafael/.m2/repository/javax/validation/validation-api/1.1.0.Final/validation-api-1.1.0.Final.jar
7ff320c8d000-7ff320c9d000 r--s 0009c000 00:2a 3548769                    /home/rafael/.m2/repository/org/hibernate/hibernate-validator/5.2.4.Final/hibernate-validator-5.2.4.Final.jar
7ff320c9d000-7ff320ca2000 r--s 00036000 00:2a 4988037                    /home/rafael/.m2/repository/org/apache/tomcat/embed/tomcat-embed-websocket/8.5.5/tomcat-embed-websocket-8.5.5.jar
7ff320ca2000-7ff320ca7000 r--s 00036000 00:2a 4464156                    /home/rafael/.m2/repository/org/apache/tomcat/embed/tomcat-embed-el/8.5.5/tomcat-embed-el-8.5.5.jar
7ff320ca7000-7ff320ccf000 r--s 002b1000 00:2a 4201799                    /home/rafael/.m2/repository/org/apache/tomcat/embed/tomcat-embed-core/8.5.5/tomcat-embed-core-8.5.5.jar
7ff320ccf000-7ff320cd0000 r--s 00000000 00:2a 7211147                    /home/rafael/.m2/repository/org/springframework/boot/spring-boot-starter-tomcat/1.4.1.RELEASE/spring-boot-starter-tomcat-1.4.1.RELEASE.jar
7ff320cd0000-7ff320cd1000 r--s 00000000 00:2a 7211145                    /home/rafael/.m2/repository/org/springframework/boot/spring-boot-starter-web/1.4.1.RELEASE/spring-boot-starter-web-1.4.1.RELEASE.jar
7ff320cd1000-7ff320cd4000 r--s 0000c000 00:2a 7211143                    /home/rafael/.m2/repository/org/springframework/spring-aspects/4.3.3.RELEASE/spring-aspects-4.3.3.RELEASE.jar
7ff320cd4000-7ff320cd6000 r--s 00003000 00:2a 7210759                    /home/rafael/.m2/repository/org/slf4j/jcl-over-slf4j/1.7.21/jcl-over-slf4j-1.7.21.jar
7ff320cd6000-7ff320cd8000 r--s 00009000 00:2a 4201737                    /home/rafael/.m2/repository/org/slf4j/slf4j-api/1.7.21/slf4j-api-1.7.21.jar
7ff320cd8000-7ff320ce6000 r--s 000ac000 00:2a 7211141                    /home/rafael/.m2/repository/org/springframework/spring-beans/4.3.3.RELEASE/spring-beans-4.3.3.RELEASE.jar
7ff320ce6000-7ff320cee000 r--s 0003a000 00:2a 7211139                    /home/rafael/.m2/repository/org/springframework/spring-tx/4.3.3.RELEASE/spring-tx-4.3.3.RELEASE.jar
7ff320cee000-7ff320d08000 r--s 000fc000 00:2a 7211137                    /home/rafael/.m2/repository/org/springframework/spring-context/4.3.3.RELEASE/spring-context-4.3.3.RELEASE.jar
7ff320d08000-7ff320d12000 r--s 0006b000 00:2a 7211135                    /home/rafael/.m2/repository/org/springframework/spring-orm/4.3.3.RELEASE/spring-orm-4.3.3.RELEASE.jar
7ff320d12000-7ff320d23000 r--s 00099000 00:2a 7211133                    /home/rafael/.m2/repository/org/springframework/data/spring-data-commons/1.12.3.RELEASE/spring-data-commons-1.12.3.RELEASE.jar
7ff320d23000-7ff320d2a000 r--s 0003e000 00:2a 7211131                    /home/rafael/.m2/repository/org/springframework/data/spring-data-jpa/1.10.3.RELEASE/spring-data-jpa-1.10.3.RELEASE.jar
7ff320d2a000-7ff320d2c000 r--s 00006000 00:2a 5905892                    /home/rafael/.m2/repository/javax/transaction/javax.transaction-api/1.2/javax.transaction-api-1.2.jar
7ff320d2c000-7ff320d39000 r--s 00089000 00:2a 4332330                    /home/rafael/.m2/repository/org/hibernate/hibernate-entitymanager/5.0.11.Final/hibernate-entitymanager-5.0.11.Final.jar
7ff320d39000-7ff320d3c000 r--s 00010000 00:2a 4987984                    /home/rafael/.m2/repository/org/hibernate/common/hibernate-commons-annotations/5.0.1.Final/hibernate-commons-annotations-5.0.1.Final.jar
7ff320d3c000-7ff320d45000 r--s 0002d000 00:2a 7209451                    /home/rafael/.m2/repository/xml-apis/xml-apis/1.4.01/xml-apis-1.4.01.jar
7ff320d45000-7ff320d4a000 r--s 00048000 00:2a 7082292                    /home/rafael/.m2/repository/dom4j/dom4j/1.6.1/dom4j-1.6.1.jar
7ff320d4a000-7ff320d4f000 r--s 00068000 00:2a 3675123                    /home/rafael/.m2/repository/antlr/antlr/2.7.7/antlr-2.7.7.jar
7ff320d4f000-7ff320d59000 r--s 000ae000 00:2a 7209447                    /home/rafael/.m2/repository/org/javassist/javassist/3.20.0-GA/javassist-3.20.0-GA.jar
7ff320d59000-7ff320d5e000 r--s 00017000 00:2a 3415223                    /home/rafael/.m2/repository/org/hibernate/javax/persistence/hibernate-jpa-2.1-api/1.0.0.Final/hibernate-jpa-2.1-api-1.0.0.Final.jar
7ff320d5e000-7ff320dc7000 r--s 004f3000 00:2a 4595927                    /home/rafael/.m2/repository/org/hibernate/hibernate-core/5.0.11.Final/hibernate-core-5.0.11.Final.jar
7ff320dc7000-7ff320dd1000 r--s 0005f000 00:2a 7211129                    /home/rafael/.m2/repository/org/springframework/spring-jdbc/4.3.3.RELEASE/spring-jdbc-4.3.3.RELEASE.jar
7ff320dd1000-7ff320dea000 r--s 001af000 00:2a 6297006                    /home/rafael/.m2/repository/org/aspectj/aspectjweaver/1.8.9/aspectjweaver-1.8.9.jar
7ff320dea000-7ff320dfb000 r-xp 00000000 fc:01 1051561                    /usr/lib/jvm/java-8-oracle/jre/lib/amd64/libnio.so
7ff320dfb000-7ff320ffa000 ---p 00011000 fc:01 1051561                    /usr/lib/jvm/java-8-oracle/jre/lib/amd64/libnio.so
7ff320ffa000-7ff320ffb000 rw-p 00010000 fc:01 1051561                    /usr/lib/jvm/java-8-oracle/jre/lib/amd64/libnio.so
7ff320ffb000-7ff3212fc000 rw-p 00000000 00:00 0 
7ff3212fc000-7ff321312000 r-xp 00000000 fc:01 1051558                    /usr/lib/jvm/java-8-oracle/jre/lib/amd64/libnet.so
7ff321312000-7ff321512000 ---p 00016000 fc:01 1051558                    /usr/lib/jvm/java-8-oracle/jre/lib/amd64/libnet.so
7ff321512000-7ff321513000 rw-p 00016000 fc:01 1051558                    /usr/lib/jvm/java-8-oracle/jre/lib/amd64/libnet.so
7ff321513000-7ff32151c000 r-xp 00000000 fc:01 1051566                    /usr/lib/jvm/java-8-oracle/jre/lib/amd64/libmanagement.so
7ff32151c000-7ff32171b000 ---p 00009000 fc:01 1051566                    /usr/lib/jvm/java-8-oracle/jre/lib/amd64/libmanagement.so
7ff32171b000-7ff32171c000 rw-p 00008000 fc:01 1051566                    /usr/lib/jvm/java-8-oracle/jre/lib/amd64/libmanagement.so
7ff32171c000-7ff32171f000 ---p 00000000 00:00 0 
7ff32171f000-7ff32181d000 rw-p 00000000 00:00 0 
7ff32181d000-7ff321820000 ---p 00000000 00:00 0 
7ff321820000-7ff32191e000 rw-p 00000000 00:00 0 
7ff32191e000-7ff321921000 ---p 00000000 00:00 0 
7ff321921000-7ff321a1f000 rw-p 00000000 00:00 0 
7ff321a1f000-7ff321a22000 ---p 00000000 00:00 0 
7ff321a22000-7ff321b20000 rw-p 00000000 00:00 0 
7ff321b20000-7ff321b23000 ---p 00000000 00:00 0 
7ff321b23000-7ff321c21000 rw-p 00000000 00:00 0 
7ff321c21000-7ff321c24000 ---p 00000000 00:00 0 
7ff321c24000-7ff321d22000 rw-p 00000000 00:00 0 
7ff321d22000-7ff321d26000 r-xp 00000000 fc:01 1051213                    /usr/lib/jvm/java-8-oracle/jre/lib/amd64/libdt_socket.so
7ff321d26000-7ff321f25000 ---p 00004000 fc:01 1051213                    /usr/lib/jvm/java-8-oracle/jre/lib/amd64/libdt_socket.so
7ff321f25000-7ff321f26000 rw-p 00003000 fc:01 1051213                    /usr/lib/jvm/java-8-oracle/jre/lib/amd64/libdt_socket.so
7ff321f26000-7ff321f29000 ---p 00000000 00:00 0 
7ff321f29000-7ff322027000 rw-p 00000000 00:00 0 
7ff322027000-7ff32202a000 ---p 00000000 00:00 0 
7ff32202a000-7ff322128000 rw-p 00000000 00:00 0 
7ff322128000-7ff32212b000 ---p 00000000 00:00 0 
7ff32212b000-7ff322229000 rw-p 00000000 00:00 0 
7ff322229000-7ff32222a000 ---p 00000000 00:00 0 
7ff32222a000-7ff325000000 rw-p 00000000 00:00 0 
7ff325000000-7ff325f80000 rwxp 00000000 00:00 0 
7ff325f80000-7ff334000000 ---p 00000000 00:00 0 
7ff334000000-7ff3353e5000 rw-p 00000000 00:00 0 
7ff3353e5000-7ff338000000 ---p 00000000 00:00 0 
7ff338000000-7ff338003000 r--s 0002b000 00:2a 7209449                    /home/rafael/.m2/repository/org/jboss/jandex/2.0.0.Final/jandex-2.0.0.Final.jar
7ff338003000-7ff338005000 r--s 0000f000 00:2a 2243837                    /home/rafael/.m2/repository/org/jboss/logging/jboss-logging/3.3.0.Final/jboss-logging-3.3.0.Final.jar
7ff338005000-7ff33800b000 r--s 0003d000 00:2a 7084281                    /home/rafael/.m2/repository/org/yaml/snakeyaml/1.17/snakeyaml-1.17.jar
7ff33800b000-7ff338015000 r--s 00069000 00:2a 7210717                    /home/rafael/.m2/repository/ch/qos/logback/logback-core/1.1.7/logback-core-1.1.7.jar
7ff338015000-7ff338033000 r--s 000cf000 00:2a 7211121                    /home/rafael/.m2/repository/org/springframework/boot/spring-boot-autoconfigure/1.4.1.RELEASE/spring-boot-autoconfigure-1.4.1.RELEASE.jar
7ff338033000-7ff338043000 r--s 00091000 00:2a 7211119                    /home/rafael/.m2/repository/org/springframework/boot/spring-boot/1.4.1.RELEASE/spring-boot-1.4.1.RELEASE.jar
7ff338043000-7ff3383b6000 rw-p 00000000 00:00 0 
7ff3383b6000-7ff33858f000 r--s 03d1f000 fc:01 928648                     /usr/lib/jvm/java-8-oracle/jre/lib/rt.jar
7ff33858f000-7ff3387f2000 rw-p 00000000 00:00 0 
7ff3387f2000-7ff3387f3000 ---p 00000000 00:00 0 
7ff3387f3000-7ff3388f3000 rw-p 00000000 00:00 0 
7ff3388f3000-7ff3388f4000 ---p 00000000 00:00 0 
7ff3388f4000-7ff338a18000 rw-p 00000000 00:00 0 
7ff338a18000-7ff338b3d000 ---p 00000000 00:00 0 
7ff338b3d000-7ff338b61000 rw-p 00000000 00:00 0 
7ff338b61000-7ff338c85000 ---p 00000000 00:00 0 
7ff338c85000-7ff338d1d000 rw-p 00000000 00:00 0 
7ff338d1d000-7ff338d2a000 ---p 00000000 00:00 0 
7ff338d2a000-7ff338d69000 rw-p 00000000 00:00 0 
7ff338d69000-7ff3390eb000 ---p 00000000 00:00 0 
7ff3390eb000-7ff339105000 r-xp 00000000 fc:01 1051554                    /usr/lib/jvm/java-8-oracle/jre/lib/amd64/libzip.so
7ff339105000-7ff339305000 ---p 0001a000 fc:01 1051554                    /usr/lib/jvm/java-8-oracle/jre/lib/amd64/libzip.so
7ff339305000-7ff339306000 rw-p 0001a000 fc:01 1051554                    /usr/lib/jvm/java-8-oracle/jre/lib/amd64/libzip.so
7ff339306000-7ff339311000 r-xp 00000000 fc:01 5640769                    /lib/x86_64-linux-gnu/libnss_files-2.23.so
7ff339311000-7ff339510000 ---p 0000b000 fc:01 5640769                    /lib/x86_64-linux-gnu/libnss_files-2.23.so
7ff339510000-7ff339511000 r--p 0000a000 fc:01 5640769                    /lib/x86_64-linux-gnu/libnss_files-2.23.so
7ff339511000-7ff339512000 rw-p 0000b000 fc:01 5640769                    /lib/x86_64-linux-gnu/libnss_files-2.23.so
7ff339512000-7ff339518000 rw-p 00000000 00:00 0 
7ff339518000-7ff339523000 r-xp 00000000 fc:01 5640779                    /lib/x86_64-linux-gnu/libnss_nis-2.23.so
7ff339523000-7ff339722000 ---p 0000b000 fc:01 5640779                    /lib/x86_64-linux-gnu/libnss_nis-2.23.so
7ff339722000-7ff339723000 r--p 0000a000 fc:01 5640779                    /lib/x86_64-linux-gnu/libnss_nis-2.23.so
7ff339723000-7ff339724000 rw-p 0000b000 fc:01 5640779                    /lib/x86_64-linux-gnu/libnss_nis-2.23.so
7ff339724000-7ff33973a000 r-xp 00000000 fc:01 5640763                    /lib/x86_64-linux-gnu/libnsl-2.23.so
7ff33973a000-7ff339939000 ---p 00016000 fc:01 5640763                    /lib/x86_64-linux-gnu/libnsl-2.23.so
7ff339939000-7ff33993a000 r--p 00015000 fc:01 5640763                    /lib/x86_64-linux-gnu/libnsl-2.23.so
7ff33993a000-7ff33993b000 rw-p 00016000 fc:01 5640763                    /lib/x86_64-linux-gnu/libnsl-2.23.so
7ff33993b000-7ff33993d000 rw-p 00000000 00:00 0 
7ff33993d000-7ff339945000 r-xp 00000000 fc:01 5640765                    /lib/x86_64-linux-gnu/libnss_compat-2.23.so
7ff339945000-7ff339b44000 ---p 00008000 fc:01 5640765                    /lib/x86_64-linux-gnu/libnss_compat-2.23.so
7ff339b44000-7ff339b45000 r--p 00007000 fc:01 5640765                    /lib/x86_64-linux-gnu/libnss_compat-2.23.so
7ff339b45000-7ff339b46000 rw-p 00008000 fc:01 5640765                    /lib/x86_64-linux-gnu/libnss_compat-2.23.so
7ff339b46000-7ff33a505000 r--p 00000000 fc:01 400462                     /usr/lib/locale/locale-archive
7ff33a505000-7ff33a507000 r-xp 00000000 fc:01 1051214                    /usr/lib/jvm/java-8-oracle/jre/lib/amd64/libnpt.so
7ff33a507000-7ff33a707000 ---p 00002000 fc:01 1051214                    /usr/lib/jvm/java-8-oracle/jre/lib/amd64/libnpt.so
7ff33a707000-7ff33a708000 rw-p 00002000 fc:01 1051214                    /usr/lib/jvm/java-8-oracle/jre/lib/amd64/libnpt.so
7ff33a708000-7ff33a741000 r-xp 00000000 fc:01 1051543                    /usr/lib/jvm/java-8-oracle/jre/lib/amd64/libjdwp.so
7ff33a741000-7ff33a940000 ---p 00039000 fc:01 1051543                    /usr/lib/jvm/java-8-oracle/jre/lib/amd64/libjdwp.so
7ff33a940000-7ff33a942000 rw-p 00038000 fc:01 1051543                    /usr/lib/jvm/java-8-oracle/jre/lib/amd64/libjdwp.so
7ff33a942000-7ff33a96c000 r-xp 00000000 fc:01 1051549                    /usr/lib/jvm/java-8-oracle/jre/lib/amd64/libjava.so
7ff33a96c000-7ff33ab6c000 ---p 0002a000 fc:01 1051549                    /usr/lib/jvm/java-8-oracle/jre/lib/amd64/libjava.so
7ff33ab6c000-7ff33ab6e000 rw-p 0002a000 fc:01 1051549                    /usr/lib/jvm/java-8-oracle/jre/lib/amd64/libjava.so
7ff33ab6e000-7ff33ab7b000 r-xp 00000000 fc:01 1051553                    /usr/lib/jvm/java-8-oracle/jre/lib/amd64/libverify.so
7ff33ab7b000-7ff33ad7b000 ---p 0000d000 fc:01 1051553                    /usr/lib/jvm/java-8-oracle/jre/lib/amd64/libverify.so
7ff33ad7b000-7ff33ad7d000 rw-p 0000d000 fc:01 1051553                    /usr/lib/jvm/java-8-oracle/jre/lib/amd64/libverify.so
7ff33ad7d000-7ff33ad84000 r-xp 00000000 fc:01 5640824                    /lib/x86_64-linux-gnu/librt-2.23.so
7ff33ad84000-7ff33af83000 ---p 00007000 fc:01 5640824                    /lib/x86_64-linux-gnu/librt-2.23.so
7ff33af83000-7ff33af84000 r--p 00006000 fc:01 5640824                    /lib/x86_64-linux-gnu/librt-2.23.so
7ff33af84000-7ff33af85000 rw-p 00007000 fc:01 5640824                    /lib/x86_64-linux-gnu/librt-2.23.so
7ff33af85000-7ff33b08d000 r-xp 00000000 fc:01 5640740                    /lib/x86_64-linux-gnu/libm-2.23.so
7ff33b08d000-7ff33b28c000 ---p 00108000 fc:01 5640740                    /lib/x86_64-linux-gnu/libm-2.23.so
7ff33b28c000-7ff33b28d000 r--p 00107000 fc:01 5640740                    /lib/x86_64-linux-gnu/libm-2.23.so
7ff33b28d000-7ff33b28e000 rw-p 00108000 fc:01 5640740                    /lib/x86_64-linux-gnu/libm-2.23.so
7ff33b28e000-7ff33bf4e000 r-xp 00000000 fc:01 1051532                    /usr/lib/jvm/java-8-oracle/jre/lib/amd64/server/libjvm.so
7ff33bf4e000-7ff33c14e000 ---p 00cc0000 fc:01 1051532                    /usr/lib/jvm/java-8-oracle/jre/lib/amd64/server/libjvm.so
7ff33c14e000-7ff33c226000 rw-p 00cc0000 fc:01 1051532                    /usr/lib/jvm/java-8-oracle/jre/lib/amd64/server/libjvm.so
7ff33c226000-7ff33c271000 rw-p 00000000 00:00 0 
7ff33c271000-7ff33c431000 r-xp 00000000 fc:01 5640670                    /lib/x86_64-linux-gnu/libc-2.23.so
7ff33c431000-7ff33c630000 ---p 001c0000 fc:01 5640670                    /lib/x86_64-linux-gnu/libc-2.23.so
7ff33c630000-7ff33c634000 r--p 001bf000 fc:01 5640670                    /lib/x86_64-linux-gnu/libc-2.23.so
7ff33c634000-7ff33c636000 rw-p 001c3000 fc:01 5640670                    /lib/x86_64-linux-gnu/libc-2.23.so
7ff33c636000-7ff33c63a000 rw-p 00000000 00:00 0 
7ff33c63a000-7ff33c63d000 r-xp 00000000 fc:01 5640694                    /lib/x86_64-linux-gnu/libdl-2.23.so
7ff33c63d000-7ff33c83c000 ---p 00003000 fc:01 5640694                    /lib/x86_64-linux-gnu/libdl-2.23.so
7ff33c83c000-7ff33c83d000 r--p 00002000 fc:01 5640694                    /lib/x86_64-linux-gnu/libdl-2.23.so
7ff33c83d000-7ff33c83e000 rw-p 00003000 fc:01 5640694                    /lib/x86_64-linux-gnu/libdl-2.23.so
7ff33c83e000-7ff33c853000 r-xp 00000000 fc:01 928478                     /usr/lib/jvm/java-8-oracle/lib/amd64/jli/libjli.so
7ff33c853000-7ff33ca53000 ---p 00015000 fc:01 928478                     /usr/lib/jvm/java-8-oracle/lib/amd64/jli/libjli.so
7ff33ca53000-7ff33ca54000 rw-p 00015000 fc:01 928478                     /usr/lib/jvm/java-8-oracle/lib/amd64/jli/libjli.so
7ff33ca54000-7ff33ca6c000 r-xp 00000000 fc:01 5640816                    /lib/x86_64-linux-gnu/libpthread-2.23.so
7ff33ca6c000-7ff33cc6b000 ---p 00018000 fc:01 5640816                    /lib/x86_64-linux-gnu/libpthread-2.23.so
7ff33cc6b000-7ff33cc6c000 r--p 00017000 fc:01 5640816                    /lib/x86_64-linux-gnu/libpthread-2.23.so
7ff33cc6c000-7ff33cc6d000 rw-p 00018000 fc:01 5640816                    /lib/x86_64-linux-gnu/libpthread-2.23.so
7ff33cc6d000-7ff33cc71000 rw-p 00000000 00:00 0 
7ff33cc71000-7ff33cc97000 r-xp 00000000 fc:01 5640642                    /lib/x86_64-linux-gnu/ld-2.23.so
7ff33cc97000-7ff33cc99000 r--s 00009000 00:2a 3941547                    /home/rafael/.m2/repository/org/apache/tomcat/tomcat-juli/8.5.5/tomcat-juli-8.5.5.jar
7ff33cc99000-7ff33cc9b000 r--s 00020000 00:2a 3810145                    /home/rafael/.m2/repository/org/apache/tomcat/tomcat-jdbc/8.5.5/tomcat-jdbc-8.5.5.jar
7ff33cc9b000-7ff33cd74000 rw-p 00000000 00:00 0 
7ff33cd74000-7ff33cd77000 ---p 00000000 00:00 0 
7ff33cd77000-7ff33ce79000 rw-p 00000000 00:00 0 
7ff33ce79000-7ff33ce7a000 r--s 00000000 00:2a 6563700                    /home/rafael/.m2/repository/org/springframework/boot/spring-boot-starter-data-rest/1.4.1.RELEASE/spring-boot-starter-data-rest-1.4.1.RELEASE.jar
7ff33ce7a000-7ff33ce7b000 r--s 00000000 00:2a 7211127                    /home/rafael/.m2/repository/org/springframework/boot/spring-boot-starter-jdbc/1.4.1.RELEASE/spring-boot-starter-jdbc-1.4.1.RELEASE.jar
7ff33ce7b000-7ff33ce7c000 r--s 00000000 00:2a 7211125                    /home/rafael/.m2/repository/org/springframework/boot/spring-boot-starter-aop/1.4.1.RELEASE/spring-boot-starter-aop-1.4.1.RELEASE.jar
7ff33ce7c000-7ff33ce7e000 r--s 00004000 00:2a 7210721                    /home/rafael/.m2/repository/org/slf4j/log4j-over-slf4j/1.7.21/log4j-over-slf4j-1.7.21.jar
7ff33ce7e000-7ff33ce80000 r--s 00000000 00:2a 7210719                    /home/rafael/.m2/repository/org/slf4j/jul-to-slf4j/1.7.21/jul-to-slf4j-1.7.21.jar
7ff33ce80000-7ff33ce87000 r--s 00044000 00:2a 7210715                    /home/rafael/.m2/repository/ch/qos/logback/logback-classic/1.1.7/logback-classic-1.1.7.jar
7ff33ce87000-7ff33ce88000 r--s 00000000 00:2a 7211123                    /home/rafael/.m2/repository/org/springframework/boot/spring-boot-starter-logging/1.4.1.RELEASE/spring-boot-starter-logging-1.4.1.RELEASE.jar
7ff33ce88000-7ff33ce89000 r--s 00000000 00:2a 7211117                    /home/rafael/.m2/repository/org/springframework/boot/spring-boot-starter/1.4.1.RELEASE/spring-boot-starter-1.4.1.RELEASE.jar
7ff33ce89000-7ff33ce8a000 r--s 00000000 00:2a 7211115                    /home/rafael/.m2/repository/org/springframework/boot/spring-boot-starter-data-jpa/1.4.1.RELEASE/spring-boot-starter-data-jpa-1.4.1.RELEASE.jar
7ff33ce8a000-7ff33ce92000 rw-s 00000000 fc:01 5774967                    /tmp/hsperfdata_rafael/4205
7ff33ce92000-7ff33ce93000 rw-p 00000000 00:00 0 
7ff33ce93000-7ff33ce94000 r--p 00000000 00:00 0 
7ff33ce94000-7ff33ce96000 rw-p 00000000 00:00 0 
7ff33ce96000-7ff33ce97000 r--p 00025000 fc:01 5640642                    /lib/x86_64-linux-gnu/ld-2.23.so
7ff33ce97000-7ff33ce98000 rw-p 00026000 fc:01 5640642                    /lib/x86_64-linux-gnu/ld-2.23.so
7ff33ce98000-7ff33ce99000 rw-p 00000000 00:00 0 
7ffca2e84000-7ffca2ea7000 rw-p 00000000 00:00 0                          [stack]
7ffca2ef7000-7ffca2ef9000 r--p 00000000 00:00 0                          [vvar]
7ffca2ef9000-7ffca2efb000 r-xp 00000000 00:00 0                          [vdso]
ffffffffff600000-ffffffffff601000 r-xp 00000000 00:00 0                  [vsyscall]

VM Arguments:
jvm_args: -agentlib:jdwp=transport=dt_socket,suspend=y,address=localhost:40630 -Dcom.sun.management.jmxremote -Dcom.sun.management.jmxremote.port=38584 -Dcom.sun.management.jmxremote.authenticate=false -Dcom.sun.management.jmxremote.ssl=false -Dspring.liveBeansView.mbeanDomain -Dspring.application.admin.enabled=true -Djava.security.egd=file:/dev/./urandom -Dfile.encoding=UTF-8 
java_command: com.challenge.Application
java_class_path (initial): /home/rafael/development/workspacespring/challenge/target/classes:/home/rafael/.m2/repository/org/springframework/boot/spring-boot-starter-data-jpa/1.4.1.RELEASE/spring-boot-starter-data-jpa-1.4.1.RELEASE.jar:/home/rafael/.m2/repository/org/springframework/boot/spring-boot-starter/1.4.1.RELEASE/spring-boot-starter-1.4.1.RELEASE.jar:/home/rafael/.m2/repository/org/springframework/boot/spring-boot/1.4.1.RELEASE/spring-boot-1.4.1.RELEASE.jar:/home/rafael/.m2/repository/org/springframework/boot/spring-boot-autoconfigure/1.4.1.RELEASE/spring-boot-autoconfigure-1.4.1.RELEASE.jar:/home/rafael/.m2/repository/org/springframework/boot/spring-boot-starter-logging/1.4.1.RELEASE/spring-boot-starter-logging-1.4.1.RELEASE.jar:/home/rafael/.m2/repository/ch/qos/logback/logback-classic/1.1.7/logback-classic-1.1.7.jar:/home/rafael/.m2/repository/ch/qos/logback/logback-core/1.1.7/logback-core-1.1.7.jar:/home/rafael/.m2/repository/org/slf4j/jul-to-slf4j/1.7.21/jul-to-slf4j-1.7.21.jar:/home/rafael/.m2/repository/org/slf4j/log4j-over-slf4j/1.7.21/log4j-over-slf4j-1.7.21.jar:/home/rafael/.m2/repository/org/yaml/snakeyaml/1.17/snakeyaml-1.17.jar:/home/rafael/.m2/repository/org/springframework/boot/spring-boot-starter-aop/1.4.1.RELEASE/spring-boot-starter-aop-1.4.1.RELEASE.jar:/home/rafael/.m2/repository/org/aspectj/aspectjweaver/1.8.9/aspectjweaver-1.8.9.jar:/home/rafael/.m2/repository/org/springframework/boot/spring-boot-starter-jdbc/1.4.1.RELEASE/spring-boot-starter-jdbc-1.4.1.RELEASE.jar:/home/rafael/.m2/repository/org/apache/tomcat/tomcat-jdbc/8.5.5/tomcat-jdbc-8.5.5.jar:/home/rafael/.m2/repository/org/apache/tomcat/tomcat-juli/8.5.5/tomcat-juli-8.5.5.jar:/home/rafael/.m2/repository/org/springframework/spring-jdbc/4.3.3.RELEASE/spring-jdbc-4.3.3.RELEASE.jar:/home/rafael/.m2/repository/org/hibernate/hibernate-core/5.0.11.Final/hibernate-core-5.0.11.Final.jar:/home/rafael/.m2/repository/org/jboss/logging/jboss-logging/3.3.0.Final/jboss-logging-3.3.0.Final.jar
Launcher Type: SUN_STANDARD

Environment Variables:
JAVA_HOME=/usr/lib/jvm/java-8-oracle
PATH=/usr/local/sbin:/usr/local/bin:/usr/sbin:/usr/bin:/sbin:/bin:/usr/games:/usr/local/games:/snap/bin:/usr/lib/jvm/java-8-oracle/bin:/usr/lib/jvm/java-8-oracle/db/bin:/usr/lib/jvm/java-8-oracle/jre/bin:/home/rafael/forge/forge-distribution-3.2.2.Final/bin
SHELL=/bin/bash
DISPLAY=:0

Signal Handlers:
SIGSEGV: [libjvm.so+0xabca10], sa_mask[0]=11111111011111111101111111111110, sa_flags=SA_RESTART|SA_SIGINFO
SIGBUS: [libjvm.so+0xabca10], sa_mask[0]=11111111011111111101111111111110, sa_flags=SA_RESTART|SA_SIGINFO
SIGFPE: [libjvm.so+0x919a20], sa_mask[0]=11111111011111111101111111111110, sa_flags=SA_RESTART|SA_SIGINFO
SIGPIPE: [libjvm.so+0x919a20], sa_mask[0]=11111111011111111101111111111110, sa_flags=SA_RESTART|SA_SIGINFO
SIGXFSZ: [libjvm.so+0x919a20], sa_mask[0]=11111111011111111101111111111110, sa_flags=SA_RESTART|SA_SIGINFO
SIGILL: [libjvm.so+0x919a20], sa_mask[0]=11111111011111111101111111111110, sa_flags=SA_RESTART|SA_SIGINFO
SIGUSR1: SIG_DFL, sa_mask[0]=00000000000000000000000000000000, sa_flags=none
SIGUSR2: [libjvm.so+0x91b050], sa_mask[0]=00100000000000000000000000000000, sa_flags=SA_RESTART|SA_SIGINFO
SIGHUP: [libjvm.so+0x91c450], sa_mask[0]=11111111011111111101111111111110, sa_flags=SA_RESTART|SA_SIGINFO
SIGINT: [libjvm.so+0x91c450], sa_mask[0]=11111111011111111101111111111110, sa_flags=SA_RESTART|SA_SIGINFO
SIGTERM: [libjvm.so+0x91c450], sa_mask[0]=11111111011111111101111111111110, sa_flags=SA_RESTART|SA_SIGINFO
SIGQUIT: [libjvm.so+0x91c450], sa_mask[0]=11111111011111111101111111111110, sa_flags=SA_RESTART|SA_SIGINFO


---------------  S Y S T E M  ---------------

OS:DISTRIB_ID=Ubuntu
DISTRIB_RELEASE=16.04
DISTRIB_CODENAME=xenial
DISTRIB_DESCRIPTION="Ubuntu 16.04 LTS"

uname:Linux 4.4.0-31-generic #50-Ubuntu SMP Wed Jul 13 00:07:12 UTC 2016 x86_64
libc:glibc 2.23 NPTL 2.23 
rlimit: STACK 8192k, CORE 0k, NPROC 15609, NOFILE 65536, AS infinity
load average:0,47 0,44 0,51

/proc/meminfo:
MemTotal:        4036932 kB
MemFree:          118984 kB
MemAvailable:     257996 kB
Buffers:           20360 kB
Cached:           614148 kB
SwapCached:        15772 kB
Active:          2766448 kB
Inactive:         926872 kB
Active(anon):    2601348 kB
Inactive(anon):   789516 kB
Active(file):     165100 kB
Inactive(file):   137356 kB
Unevictable:          64 kB
Mlocked:              64 kB
SwapTotal:       4181500 kB
SwapFree:        4079344 kB
Dirty:               284 kB
Writeback:             0 kB
AnonPages:       3043220 kB
Mapped:           239696 kB
Shmem:            331988 kB
Slab:             135488 kB
SReclaimable:      79356 kB
SUnreclaim:        56132 kB
KernelStack:       11184 kB
PageTables:        40704 kB
NFS_Unstable:          0 kB
Bounce:                0 kB
WritebackTmp:          0 kB
CommitLimit:     6199964 kB
Committed_AS:    8076272 kB
VmallocTotal:   34359738367 kB
VmallocUsed:           0 kB
VmallocChunk:          0 kB
HardwareCorrupted:     0 kB
AnonHugePages:   1716224 kB
CmaTotal:              0 kB
CmaFree:               0 kB
HugePages_Total:       0
HugePages_Free:        0
HugePages_Rsvd:        0
HugePages_Surp:        0
Hugepagesize:       2048 kB
DirectMap4k:      129460 kB
DirectMap2M:     4055040 kB


CPU:total 2 (2 cores per cpu, 1 threads per core) family 6 model 15 stepping 13, cmov, cx8, fxsr, mmx, sse, sse2, sse3, ssse3, tsc

/proc/cpuinfo:
processor	: 0
vendor_id	: GenuineIntel
cpu family	: 6
model		: 15
model name	: Intel(R) Pentium(R) Dual  CPU  T2390  @ 1.86GHz
stepping	: 13
microcode	: 0xa4
cpu MHz		: 1867.000
cache size	: 1024 KB
physical id	: 0
siblings	: 2
core id		: 0
cpu cores	: 2
apicid		: 0
initial apicid	: 0
fpu		: yes
fpu_exception	: yes
cpuid level	: 10
wp		: yes
flags		: fpu vme de pse tsc msr pae mce cx8 apic sep mtrr pge mca cmov pat pse36 clflush dts acpi mmx fxsr sse sse2 ss ht tm pbe syscall nx lm constant_tsc arch_perfmon pebs bts rep_good nopl aperfmperf pni dtes64 monitor ds_cpl est tm2 ssse3 cx16 xtpr pdcm lahf_lm dtherm
bugs		:
bogomips	: 3724.21
clflush size	: 64
cache_alignment	: 64
address sizes	: 36 bits physical, 48 bits virtual
power management:

processor	: 1
vendor_id	: GenuineIntel
cpu family	: 6
model		: 15
model name	: Intel(R) Pentium(R) Dual  CPU  T2390  @ 1.86GHz
stepping	: 13
microcode	: 0xa4
cpu MHz		: 1867.000
cache size	: 1024 KB
physical id	: 0
siblings	: 2
core id		: 1
cpu cores	: 2
apicid		: 1
initial apicid	: 1
fpu		: yes
fpu_exception	: yes
cpuid level	: 10
wp		: yes
flags		: fpu vme de pse tsc msr pae mce cx8 apic sep mtrr pge mca cmov pat pse36 clflush dts acpi mmx fxsr sse sse2 ss ht tm pbe syscall nx lm constant_tsc arch_perfmon pebs bts rep_good nopl aperfmperf pni dtes64 monitor ds_cpl est tm2 ssse3 cx16 xtpr pdcm lahf_lm dtherm
bugs		:
bogomips	: 3724.21
clflush size	: 64
cache_alignment	: 64
address sizes	: 36 bits physical, 48 bits virtual
power management:



Memory: 4k page, physical 4036932k(118984k free), swap 4181500k(4079344k free)

vm_info: Java HotSpot(TM) 64-Bit Server VM (25.91-b14) for linux-amd64 JRE (1.8.0_91-b14), built on Apr  1 2016 00:57:21 by "java_re" with gcc 4.3.0 20080428 (Red Hat 4.3.0-8)

time: Sat Jan  7 11:35:44 2017
elapsed time: 3053 seconds (0d 0h 50m 53s)

